Arguments: 
  C:\Program Files\nodejs\node.exe C:\Users\rosar\AppData\Roaming\npm\node_modules\yarn\bin\yarn.js init .

PATH: 
  C:\Users\rosar\bin;C:\Program Files\Git\mingw64\bin;C:\Program Files\Git\usr\local\bin;C:\Program Files\Git\usr\bin;C:\Program Files\Git\usr\bin;C:\Program Files\Git\mingw64\bin;C:\Program Files\Git\usr\bin;C:\Users\rosar\bin;C:\Python310\Scripts;C:\Python310;C:\Program Files (x86)\Intel\TXE Components\iCLS;C:\Program Files\Intel\TXE Components\iCLS;C:\WINDOWS\system32;C:\WINDOWS;C:\WINDOWS\System32\Wbem;C:\WINDOWS\System32\WindowsPowerShell\v1.0;C:\WINDOWS\System32\OpenSSH;C:\Program Files\Intel\TXE Components\DAL;C:\Program Files (x86)\Intel\TXE Components\DAL;C:\Program Files\Intel\TXE Components\IPT;C:\Program Files (x86)\Intel\TXE Components\IPT;C:\Program Files\Git\cmd;C:\Program Files\nodejs;C:\ProgramData\chocolatey\bin;C:\Program Files\Git LFS;C:\Program Files\AutoFirma\AutoFirma;C:\Users\rosar\AppData\Local\Microsoft\WindowsApps;C:\Users\rosar\AppData\Local\Programs\Microsoft VS Code\bin;C:\Users\rosar\AppData\Roaming\npm;C:\Program Files\Git\usr\bin\vendor_perl;C:\Program Files\Git\usr\bin\core_perl

Yarn version: 
  1.22.17

Node version: 
  16.13.0

Platform: 
  win32 x64

Trace: 
  Error: Can't answer a question unless a user TTY
      at ConsoleReporter.question (C:\Users\rosar\AppData\Roaming\npm\node_modules\yarn\lib\cli.js:96935:59)
      at Object.<anonymous> (C:\Users\rosar\AppData\Roaming\npm\node_modules\yarn\lib\cli.js:89125:38)
      at Generator.next (<anonymous>)
      at step (C:\Users\rosar\AppData\Roaming\npm\node_modules\yarn\lib\cli.js:310:30)
      at C:\Users\rosar\AppData\Roaming\npm\node_modules\yarn\lib\cli.js:321:13
      at processTicksAndRejections (node:internal/process/task_queues:96:5)

npm manifest: 
  {
      "name": "canvas_retro_car_racing",
      "version": "1.0.0",
      "description": "- [Canvas\\_Retro\\_Car\\_Racing](#canvas_retro_car_racing)\r - [Mi proyecto de Core Code School](#mi-proyecto-de-core-code-school)\r - [Indice:](#indice)\r   - [1. Título del Juego:](#1-título-del-juego)\r   - [2. Imágenes y vídeos:](#2-imágenes-y-vídeos)\r   - [3. Motivación del proyecto:](#3-motivación-del-proyecto)\r   - [4. Acceso directo al juego:](#4-acceso-directo-al-juego)\r   - [5. Tabla de contenidos o índice:](#5-tabla-de-contenidos-o-índice)\r   - [6. Manual de instalación y deployment:](#6-manual-de-instalación-y-deployment)\r   - [7. Ejemplos de código:](#7-ejemplos-de-código)\r   - [8. Entornos de ejecución:](#8-entornos-de-ejecución)\r   - [9. Listado de paquetes y dependencias:](#9-listado-de-paquetes-y-dependencias)\r   - [10. Agradecimientos:](#10-agradecimientos)\r   - [11. Otras consideraciones:](#11-otras-consideraciones)",
      "main": "index.js",
      "scripts": {
          "dev": "vite",
          "build": "tsc && vite build",
          "preview": "vite preview"
      },
      "repository": {
          "type": "git",
          "url": "git+https://github.com/nadaronda/Canvas_Retro_Car_Racing.git"
      },
      "author": "",
      "license": "ISC",
      "bugs": {
          "url": "https://github.com/nadaronda/Canvas_Retro_Car_Racing/issues"
      },
      "homepage": "https://github.com/nadaronda/Canvas_Retro_Car_Racing#readme",
      "dependencies": {
          "lodash": "^4.17.21",
          "typescript": "^4.9.5",
          "vite": "^4.1.1"
      }
  }

yarn manifest: 
  No manifest

Lockfile: 
  No lockfile
